[2024-03-23T01:12:48.045+0000] {processor.py:161} INFO - Started process (PID=225) to work on /opt/airflow/dags/team_stats.py
[2024-03-23T01:12:48.046+0000] {processor.py:830} INFO - Processing file /opt/airflow/dags/team_stats.py for tasks to queue
[2024-03-23T01:12:48.047+0000] {logging_mixin.py:188} INFO - [2024-03-23T01:12:48.047+0000] {dagbag.py:540} INFO - Filling up the DagBag from /opt/airflow/dags/team_stats.py
[2024-03-23T01:12:48.539+0000] {processor.py:840} INFO - DAG(s) 'get_team_standings' retrieved from /opt/airflow/dags/team_stats.py
[2024-03-23T01:12:48.711+0000] {logging_mixin.py:188} INFO - [2024-03-23T01:12:48.710+0000] {override.py:1769} INFO - Created Permission View: can edit on DAG:get_team_standings
[2024-03-23T01:12:48.716+0000] {logging_mixin.py:188} INFO - [2024-03-23T01:12:48.716+0000] {override.py:1769} INFO - Created Permission View: can delete on DAG:get_team_standings
[2024-03-23T01:12:48.720+0000] {logging_mixin.py:188} INFO - [2024-03-23T01:12:48.720+0000] {override.py:1769} INFO - Created Permission View: can read on DAG:get_team_standings
[2024-03-23T01:12:48.721+0000] {logging_mixin.py:188} INFO - [2024-03-23T01:12:48.721+0000] {dag.py:3047} INFO - Sync 1 DAGs
[2024-03-23T01:12:48.727+0000] {logging_mixin.py:188} INFO - [2024-03-23T01:12:48.726+0000] {dag.py:3069} INFO - Creating ORM DAG for get_team_standings
[2024-03-23T01:12:48.733+0000] {logging_mixin.py:188} INFO - [2024-03-23T01:12:48.732+0000] {dag.py:3834} INFO - Setting next_dagrun for get_team_standings to 2024-03-21 13:00:00+00:00, run_after=2024-03-22 13:00:00+00:00
[2024-03-23T01:12:48.744+0000] {processor.py:183} INFO - Processing /opt/airflow/dags/team_stats.py took 0.703 seconds
[2024-03-23T01:13:19.361+0000] {processor.py:161} INFO - Started process (PID=244) to work on /opt/airflow/dags/team_stats.py
[2024-03-23T01:13:19.372+0000] {processor.py:830} INFO - Processing file /opt/airflow/dags/team_stats.py for tasks to queue
[2024-03-23T01:13:19.387+0000] {logging_mixin.py:188} INFO - [2024-03-23T01:13:19.383+0000] {dagbag.py:540} INFO - Filling up the DagBag from /opt/airflow/dags/team_stats.py
[2024-03-23T01:13:20.753+0000] {processor.py:840} INFO - DAG(s) 'get_team_standings' retrieved from /opt/airflow/dags/team_stats.py
[2024-03-23T01:13:20.857+0000] {logging_mixin.py:188} INFO - [2024-03-23T01:13:20.857+0000] {dag.py:3047} INFO - Sync 1 DAGs
[2024-03-23T01:13:20.903+0000] {logging_mixin.py:188} INFO - [2024-03-23T01:13:20.903+0000] {dag.py:3834} INFO - Setting next_dagrun for get_team_standings to 2024-03-22 13:00:00+00:00, run_after=2024-03-23 13:00:00+00:00
[2024-03-23T01:13:20.932+0000] {processor.py:183} INFO - Processing /opt/airflow/dags/team_stats.py took 1.602 seconds
[2024-03-23T01:13:51.826+0000] {processor.py:161} INFO - Started process (PID=257) to work on /opt/airflow/dags/team_stats.py
[2024-03-23T01:13:51.828+0000] {processor.py:830} INFO - Processing file /opt/airflow/dags/team_stats.py for tasks to queue
[2024-03-23T01:13:51.831+0000] {logging_mixin.py:188} INFO - [2024-03-23T01:13:51.829+0000] {dagbag.py:540} INFO - Filling up the DagBag from /opt/airflow/dags/team_stats.py
[2024-03-23T01:13:52.517+0000] {processor.py:840} INFO - DAG(s) 'get_team_standings' retrieved from /opt/airflow/dags/team_stats.py
[2024-03-23T01:13:52.542+0000] {logging_mixin.py:188} INFO - [2024-03-23T01:13:52.542+0000] {dag.py:3047} INFO - Sync 1 DAGs
[2024-03-23T01:13:52.558+0000] {logging_mixin.py:188} INFO - [2024-03-23T01:13:52.558+0000] {dag.py:3834} INFO - Setting next_dagrun for get_team_standings to 2024-03-22 13:00:00+00:00, run_after=2024-03-23 13:00:00+00:00
[2024-03-23T01:13:52.569+0000] {processor.py:183} INFO - Processing /opt/airflow/dags/team_stats.py took 0.754 seconds
[2024-03-23T01:14:22.884+0000] {processor.py:161} INFO - Started process (PID=269) to work on /opt/airflow/dags/team_stats.py
[2024-03-23T01:14:22.889+0000] {processor.py:830} INFO - Processing file /opt/airflow/dags/team_stats.py for tasks to queue
[2024-03-23T01:14:22.892+0000] {logging_mixin.py:188} INFO - [2024-03-23T01:14:22.891+0000] {dagbag.py:540} INFO - Filling up the DagBag from /opt/airflow/dags/team_stats.py
[2024-03-23T01:14:23.326+0000] {processor.py:840} INFO - DAG(s) 'get_team_standings' retrieved from /opt/airflow/dags/team_stats.py
[2024-03-23T01:14:23.344+0000] {logging_mixin.py:188} INFO - [2024-03-23T01:14:23.344+0000] {dag.py:3047} INFO - Sync 1 DAGs
[2024-03-23T01:14:23.356+0000] {logging_mixin.py:188} INFO - [2024-03-23T01:14:23.356+0000] {dag.py:3834} INFO - Setting next_dagrun for get_team_standings to 2024-03-22 13:00:00+00:00, run_after=2024-03-23 13:00:00+00:00
[2024-03-23T01:14:23.366+0000] {processor.py:183} INFO - Processing /opt/airflow/dags/team_stats.py took 0.503 seconds
[2024-03-23T01:14:53.656+0000] {processor.py:161} INFO - Started process (PID=281) to work on /opt/airflow/dags/team_stats.py
[2024-03-23T01:14:53.658+0000] {processor.py:830} INFO - Processing file /opt/airflow/dags/team_stats.py for tasks to queue
[2024-03-23T01:14:53.659+0000] {logging_mixin.py:188} INFO - [2024-03-23T01:14:53.659+0000] {dagbag.py:540} INFO - Filling up the DagBag from /opt/airflow/dags/team_stats.py
[2024-03-23T01:14:54.060+0000] {processor.py:840} INFO - DAG(s) 'get_team_standings' retrieved from /opt/airflow/dags/team_stats.py
[2024-03-23T01:14:54.079+0000] {logging_mixin.py:188} INFO - [2024-03-23T01:14:54.079+0000] {dag.py:3047} INFO - Sync 1 DAGs
[2024-03-23T01:14:54.099+0000] {logging_mixin.py:188} INFO - [2024-03-23T01:14:54.099+0000] {dag.py:3834} INFO - Setting next_dagrun for get_team_standings to 2024-03-22 13:00:00+00:00, run_after=2024-03-23 13:00:00+00:00
[2024-03-23T01:14:54.110+0000] {processor.py:183} INFO - Processing /opt/airflow/dags/team_stats.py took 0.459 seconds
[2024-03-23T01:15:24.524+0000] {processor.py:161} INFO - Started process (PID=293) to work on /opt/airflow/dags/team_stats.py
[2024-03-23T01:15:24.526+0000] {processor.py:830} INFO - Processing file /opt/airflow/dags/team_stats.py for tasks to queue
[2024-03-23T01:15:24.528+0000] {logging_mixin.py:188} INFO - [2024-03-23T01:15:24.527+0000] {dagbag.py:540} INFO - Filling up the DagBag from /opt/airflow/dags/team_stats.py
[2024-03-23T01:15:25.047+0000] {processor.py:840} INFO - DAG(s) 'get_team_standings' retrieved from /opt/airflow/dags/team_stats.py
[2024-03-23T01:15:25.082+0000] {logging_mixin.py:188} INFO - [2024-03-23T01:15:25.082+0000] {dag.py:3047} INFO - Sync 1 DAGs
[2024-03-23T01:15:25.100+0000] {logging_mixin.py:188} INFO - [2024-03-23T01:15:25.100+0000] {dag.py:3834} INFO - Setting next_dagrun for get_team_standings to 2024-03-22 13:00:00+00:00, run_after=2024-03-23 13:00:00+00:00
[2024-03-23T01:15:25.112+0000] {processor.py:183} INFO - Processing /opt/airflow/dags/team_stats.py took 0.597 seconds
[2024-03-23T01:15:55.307+0000] {processor.py:161} INFO - Started process (PID=305) to work on /opt/airflow/dags/team_stats.py
[2024-03-23T01:15:55.310+0000] {processor.py:830} INFO - Processing file /opt/airflow/dags/team_stats.py for tasks to queue
[2024-03-23T01:15:55.311+0000] {logging_mixin.py:188} INFO - [2024-03-23T01:15:55.310+0000] {dagbag.py:540} INFO - Filling up the DagBag from /opt/airflow/dags/team_stats.py
[2024-03-23T01:15:55.706+0000] {processor.py:840} INFO - DAG(s) 'get_team_standings' retrieved from /opt/airflow/dags/team_stats.py
[2024-03-23T01:15:55.727+0000] {logging_mixin.py:188} INFO - [2024-03-23T01:15:55.726+0000] {dag.py:3047} INFO - Sync 1 DAGs
[2024-03-23T01:15:55.739+0000] {logging_mixin.py:188} INFO - [2024-03-23T01:15:55.739+0000] {dag.py:3834} INFO - Setting next_dagrun for get_team_standings to 2024-03-22 13:00:00+00:00, run_after=2024-03-23 13:00:00+00:00
[2024-03-23T01:15:55.749+0000] {processor.py:183} INFO - Processing /opt/airflow/dags/team_stats.py took 0.448 seconds
[2024-03-23T01:16:26.074+0000] {processor.py:161} INFO - Started process (PID=317) to work on /opt/airflow/dags/team_stats.py
[2024-03-23T01:16:26.075+0000] {processor.py:830} INFO - Processing file /opt/airflow/dags/team_stats.py for tasks to queue
[2024-03-23T01:16:26.077+0000] {logging_mixin.py:188} INFO - [2024-03-23T01:16:26.076+0000] {dagbag.py:540} INFO - Filling up the DagBag from /opt/airflow/dags/team_stats.py
[2024-03-23T01:16:26.539+0000] {processor.py:840} INFO - DAG(s) 'get_team_standings' retrieved from /opt/airflow/dags/team_stats.py
[2024-03-23T01:16:26.574+0000] {logging_mixin.py:188} INFO - [2024-03-23T01:16:26.573+0000] {dag.py:3047} INFO - Sync 1 DAGs
[2024-03-23T01:16:26.588+0000] {logging_mixin.py:188} INFO - [2024-03-23T01:16:26.588+0000] {dag.py:3834} INFO - Setting next_dagrun for get_team_standings to 2024-03-22 13:00:00+00:00, run_after=2024-03-23 13:00:00+00:00
[2024-03-23T01:16:26.601+0000] {processor.py:183} INFO - Processing /opt/airflow/dags/team_stats.py took 0.534 seconds
[2024-03-23T01:16:57.009+0000] {processor.py:161} INFO - Started process (PID=329) to work on /opt/airflow/dags/team_stats.py
[2024-03-23T01:16:57.011+0000] {processor.py:830} INFO - Processing file /opt/airflow/dags/team_stats.py for tasks to queue
[2024-03-23T01:16:57.013+0000] {logging_mixin.py:188} INFO - [2024-03-23T01:16:57.013+0000] {dagbag.py:540} INFO - Filling up the DagBag from /opt/airflow/dags/team_stats.py
[2024-03-23T01:16:57.431+0000] {processor.py:840} INFO - DAG(s) 'get_team_standings' retrieved from /opt/airflow/dags/team_stats.py
[2024-03-23T01:16:57.455+0000] {logging_mixin.py:188} INFO - [2024-03-23T01:16:57.454+0000] {dag.py:3047} INFO - Sync 1 DAGs
[2024-03-23T01:16:57.468+0000] {logging_mixin.py:188} INFO - [2024-03-23T01:16:57.468+0000] {dag.py:3834} INFO - Setting next_dagrun for get_team_standings to 2024-03-22 13:00:00+00:00, run_after=2024-03-23 13:00:00+00:00
[2024-03-23T01:16:57.478+0000] {processor.py:183} INFO - Processing /opt/airflow/dags/team_stats.py took 0.489 seconds
[2024-03-23T01:17:27.789+0000] {processor.py:161} INFO - Started process (PID=347) to work on /opt/airflow/dags/team_stats.py
[2024-03-23T01:17:27.791+0000] {processor.py:830} INFO - Processing file /opt/airflow/dags/team_stats.py for tasks to queue
[2024-03-23T01:17:27.792+0000] {logging_mixin.py:188} INFO - [2024-03-23T01:17:27.792+0000] {dagbag.py:540} INFO - Filling up the DagBag from /opt/airflow/dags/team_stats.py
[2024-03-23T01:17:28.199+0000] {processor.py:840} INFO - DAG(s) 'get_team_standings' retrieved from /opt/airflow/dags/team_stats.py
[2024-03-23T01:17:28.218+0000] {logging_mixin.py:188} INFO - [2024-03-23T01:17:28.217+0000] {dag.py:3047} INFO - Sync 1 DAGs
[2024-03-23T01:17:28.230+0000] {logging_mixin.py:188} INFO - [2024-03-23T01:17:28.230+0000] {dag.py:3834} INFO - Setting next_dagrun for get_team_standings to 2024-03-22 13:00:00+00:00, run_after=2024-03-23 13:00:00+00:00
[2024-03-23T01:17:28.239+0000] {processor.py:183} INFO - Processing /opt/airflow/dags/team_stats.py took 0.457 seconds
[2024-03-23T01:17:58.618+0000] {processor.py:161} INFO - Started process (PID=359) to work on /opt/airflow/dags/team_stats.py
[2024-03-23T01:17:58.623+0000] {processor.py:830} INFO - Processing file /opt/airflow/dags/team_stats.py for tasks to queue
[2024-03-23T01:17:58.624+0000] {logging_mixin.py:188} INFO - [2024-03-23T01:17:58.624+0000] {dagbag.py:540} INFO - Filling up the DagBag from /opt/airflow/dags/team_stats.py
[2024-03-23T01:17:59.058+0000] {processor.py:840} INFO - DAG(s) 'get_team_standings' retrieved from /opt/airflow/dags/team_stats.py
[2024-03-23T01:17:59.081+0000] {logging_mixin.py:188} INFO - [2024-03-23T01:17:59.080+0000] {dag.py:3047} INFO - Sync 1 DAGs
[2024-03-23T01:17:59.100+0000] {logging_mixin.py:188} INFO - [2024-03-23T01:17:59.100+0000] {dag.py:3834} INFO - Setting next_dagrun for get_team_standings to 2024-03-22 13:00:00+00:00, run_after=2024-03-23 13:00:00+00:00
[2024-03-23T01:17:59.112+0000] {processor.py:183} INFO - Processing /opt/airflow/dags/team_stats.py took 0.514 seconds
[2024-03-23T01:18:29.470+0000] {processor.py:161} INFO - Started process (PID=381) to work on /opt/airflow/dags/team_stats.py
[2024-03-23T01:18:29.471+0000] {processor.py:830} INFO - Processing file /opt/airflow/dags/team_stats.py for tasks to queue
[2024-03-23T01:18:29.473+0000] {logging_mixin.py:188} INFO - [2024-03-23T01:18:29.472+0000] {dagbag.py:540} INFO - Filling up the DagBag from /opt/airflow/dags/team_stats.py
[2024-03-23T01:18:29.926+0000] {processor.py:840} INFO - DAG(s) 'get_team_standings' retrieved from /opt/airflow/dags/team_stats.py
[2024-03-23T01:18:29.945+0000] {logging_mixin.py:188} INFO - [2024-03-23T01:18:29.944+0000] {dag.py:3047} INFO - Sync 1 DAGs
[2024-03-23T01:18:29.957+0000] {logging_mixin.py:188} INFO - [2024-03-23T01:18:29.957+0000] {dag.py:3834} INFO - Setting next_dagrun for get_team_standings to 2024-03-22 13:00:00+00:00, run_after=2024-03-23 13:00:00+00:00
[2024-03-23T01:18:29.966+0000] {processor.py:183} INFO - Processing /opt/airflow/dags/team_stats.py took 0.509 seconds
[2024-03-23T01:19:00.322+0000] {processor.py:161} INFO - Started process (PID=404) to work on /opt/airflow/dags/team_stats.py
[2024-03-23T01:19:00.325+0000] {processor.py:830} INFO - Processing file /opt/airflow/dags/team_stats.py for tasks to queue
[2024-03-23T01:19:00.328+0000] {logging_mixin.py:188} INFO - [2024-03-23T01:19:00.327+0000] {dagbag.py:540} INFO - Filling up the DagBag from /opt/airflow/dags/team_stats.py
[2024-03-23T01:19:00.752+0000] {processor.py:840} INFO - DAG(s) 'get_team_standings' retrieved from /opt/airflow/dags/team_stats.py
[2024-03-23T01:19:00.772+0000] {logging_mixin.py:188} INFO - [2024-03-23T01:19:00.772+0000] {dag.py:3047} INFO - Sync 1 DAGs
[2024-03-23T01:19:00.786+0000] {logging_mixin.py:188} INFO - [2024-03-23T01:19:00.786+0000] {dag.py:3834} INFO - Setting next_dagrun for get_team_standings to 2024-03-22 13:00:00+00:00, run_after=2024-03-23 13:00:00+00:00
[2024-03-23T01:19:00.800+0000] {processor.py:183} INFO - Processing /opt/airflow/dags/team_stats.py took 0.485 seconds
[2024-03-23T01:19:31.078+0000] {processor.py:161} INFO - Started process (PID=416) to work on /opt/airflow/dags/team_stats.py
[2024-03-23T01:19:31.080+0000] {processor.py:830} INFO - Processing file /opt/airflow/dags/team_stats.py for tasks to queue
[2024-03-23T01:19:31.081+0000] {logging_mixin.py:188} INFO - [2024-03-23T01:19:31.081+0000] {dagbag.py:540} INFO - Filling up the DagBag from /opt/airflow/dags/team_stats.py
[2024-03-23T01:19:31.463+0000] {processor.py:840} INFO - DAG(s) 'get_team_standings' retrieved from /opt/airflow/dags/team_stats.py
[2024-03-23T01:19:31.482+0000] {logging_mixin.py:188} INFO - [2024-03-23T01:19:31.482+0000] {dag.py:3047} INFO - Sync 1 DAGs
[2024-03-23T01:19:31.494+0000] {logging_mixin.py:188} INFO - [2024-03-23T01:19:31.494+0000] {dag.py:3834} INFO - Setting next_dagrun for get_team_standings to 2024-03-22 13:00:00+00:00, run_after=2024-03-23 13:00:00+00:00
[2024-03-23T01:19:31.503+0000] {processor.py:183} INFO - Processing /opt/airflow/dags/team_stats.py took 0.428 seconds
[2024-03-23T01:20:01.811+0000] {processor.py:161} INFO - Started process (PID=428) to work on /opt/airflow/dags/team_stats.py
[2024-03-23T01:20:01.814+0000] {processor.py:830} INFO - Processing file /opt/airflow/dags/team_stats.py for tasks to queue
[2024-03-23T01:20:01.815+0000] {logging_mixin.py:188} INFO - [2024-03-23T01:20:01.815+0000] {dagbag.py:540} INFO - Filling up the DagBag from /opt/airflow/dags/team_stats.py
[2024-03-23T01:20:02.212+0000] {processor.py:840} INFO - DAG(s) 'get_team_standings' retrieved from /opt/airflow/dags/team_stats.py
[2024-03-23T01:20:02.247+0000] {logging_mixin.py:188} INFO - [2024-03-23T01:20:02.247+0000] {dag.py:3047} INFO - Sync 1 DAGs
[2024-03-23T01:20:02.260+0000] {logging_mixin.py:188} INFO - [2024-03-23T01:20:02.259+0000] {dag.py:3834} INFO - Setting next_dagrun for get_team_standings to 2024-03-22 13:00:00+00:00, run_after=2024-03-23 13:00:00+00:00
[2024-03-23T01:20:02.269+0000] {processor.py:183} INFO - Processing /opt/airflow/dags/team_stats.py took 0.470 seconds
[2024-03-23T01:20:32.564+0000] {processor.py:161} INFO - Started process (PID=440) to work on /opt/airflow/dags/team_stats.py
[2024-03-23T01:20:32.566+0000] {processor.py:830} INFO - Processing file /opt/airflow/dags/team_stats.py for tasks to queue
[2024-03-23T01:20:32.567+0000] {logging_mixin.py:188} INFO - [2024-03-23T01:20:32.567+0000] {dagbag.py:540} INFO - Filling up the DagBag from /opt/airflow/dags/team_stats.py
[2024-03-23T01:20:32.987+0000] {processor.py:840} INFO - DAG(s) 'get_team_standings' retrieved from /opt/airflow/dags/team_stats.py
[2024-03-23T01:20:33.038+0000] {logging_mixin.py:188} INFO - [2024-03-23T01:20:33.038+0000] {dag.py:3047} INFO - Sync 1 DAGs
[2024-03-23T01:20:33.054+0000] {logging_mixin.py:188} INFO - [2024-03-23T01:20:33.054+0000] {dag.py:3834} INFO - Setting next_dagrun for get_team_standings to 2024-03-22 13:00:00+00:00, run_after=2024-03-23 13:00:00+00:00
[2024-03-23T01:20:33.066+0000] {processor.py:183} INFO - Processing /opt/airflow/dags/team_stats.py took 0.509 seconds
[2024-03-23T01:21:03.492+0000] {processor.py:161} INFO - Started process (PID=452) to work on /opt/airflow/dags/team_stats.py
[2024-03-23T01:21:03.495+0000] {processor.py:830} INFO - Processing file /opt/airflow/dags/team_stats.py for tasks to queue
[2024-03-23T01:21:03.496+0000] {logging_mixin.py:188} INFO - [2024-03-23T01:21:03.496+0000] {dagbag.py:540} INFO - Filling up the DagBag from /opt/airflow/dags/team_stats.py
[2024-03-23T01:21:04.132+0000] {processor.py:840} INFO - DAG(s) 'get_team_standings' retrieved from /opt/airflow/dags/team_stats.py
[2024-03-23T01:21:04.158+0000] {logging_mixin.py:188} INFO - [2024-03-23T01:21:04.157+0000] {dag.py:3047} INFO - Sync 1 DAGs
[2024-03-23T01:21:04.172+0000] {logging_mixin.py:188} INFO - [2024-03-23T01:21:04.172+0000] {dag.py:3834} INFO - Setting next_dagrun for get_team_standings to 2024-03-22 13:00:00+00:00, run_after=2024-03-23 13:00:00+00:00
[2024-03-23T01:21:04.182+0000] {processor.py:183} INFO - Processing /opt/airflow/dags/team_stats.py took 0.696 seconds
[2024-03-23T01:21:27.668+0000] {processor.py:161} INFO - Started process (PID=464) to work on /opt/airflow/dags/team_stats.py
[2024-03-23T01:21:27.670+0000] {processor.py:830} INFO - Processing file /opt/airflow/dags/team_stats.py for tasks to queue
[2024-03-23T01:21:27.673+0000] {logging_mixin.py:188} INFO - [2024-03-23T01:21:27.670+0000] {dagbag.py:540} INFO - Filling up the DagBag from /opt/airflow/dags/team_stats.py
[2024-03-23T01:21:28.120+0000] {processor.py:840} INFO - DAG(s) 'get_team_standings' retrieved from /opt/airflow/dags/team_stats.py
[2024-03-23T01:21:28.206+0000] {logging_mixin.py:188} INFO - [2024-03-23T01:21:28.206+0000] {dag.py:3047} INFO - Sync 1 DAGs
[2024-03-23T01:21:28.224+0000] {logging_mixin.py:188} INFO - [2024-03-23T01:21:28.224+0000] {dag.py:3834} INFO - Setting next_dagrun for get_team_standings to 2024-03-22 13:00:00+00:00, run_after=2024-03-23 13:00:00+00:00
[2024-03-23T01:21:28.236+0000] {processor.py:183} INFO - Processing /opt/airflow/dags/team_stats.py took 0.573 seconds
[2024-03-23T01:21:58.571+0000] {processor.py:161} INFO - Started process (PID=476) to work on /opt/airflow/dags/team_stats.py
[2024-03-23T01:21:58.573+0000] {processor.py:830} INFO - Processing file /opt/airflow/dags/team_stats.py for tasks to queue
[2024-03-23T01:21:58.574+0000] {logging_mixin.py:188} INFO - [2024-03-23T01:21:58.573+0000] {dagbag.py:540} INFO - Filling up the DagBag from /opt/airflow/dags/team_stats.py
[2024-03-23T01:21:59.143+0000] {processor.py:840} INFO - DAG(s) 'get_team_standings' retrieved from /opt/airflow/dags/team_stats.py
[2024-03-23T01:21:59.167+0000] {logging_mixin.py:188} INFO - [2024-03-23T01:21:59.165+0000] {dag.py:3047} INFO - Sync 1 DAGs
[2024-03-23T01:21:59.196+0000] {logging_mixin.py:188} INFO - [2024-03-23T01:21:59.195+0000] {dag.py:3834} INFO - Setting next_dagrun for get_team_standings to 2024-03-22 13:00:00+00:00, run_after=2024-03-23 13:00:00+00:00
[2024-03-23T01:21:59.210+0000] {processor.py:183} INFO - Processing /opt/airflow/dags/team_stats.py took 0.644 seconds
[2024-03-23T01:22:29.525+0000] {processor.py:161} INFO - Started process (PID=496) to work on /opt/airflow/dags/team_stats.py
[2024-03-23T01:22:29.528+0000] {processor.py:830} INFO - Processing file /opt/airflow/dags/team_stats.py for tasks to queue
[2024-03-23T01:22:29.529+0000] {logging_mixin.py:188} INFO - [2024-03-23T01:22:29.528+0000] {dagbag.py:540} INFO - Filling up the DagBag from /opt/airflow/dags/team_stats.py
[2024-03-23T01:22:29.919+0000] {processor.py:840} INFO - DAG(s) 'get_team_standings' retrieved from /opt/airflow/dags/team_stats.py
[2024-03-23T01:22:29.940+0000] {logging_mixin.py:188} INFO - [2024-03-23T01:22:29.940+0000] {dag.py:3047} INFO - Sync 1 DAGs
[2024-03-23T01:22:29.955+0000] {logging_mixin.py:188} INFO - [2024-03-23T01:22:29.955+0000] {dag.py:3834} INFO - Setting next_dagrun for get_team_standings to 2024-03-22 13:00:00+00:00, run_after=2024-03-23 13:00:00+00:00
[2024-03-23T01:22:29.966+0000] {processor.py:183} INFO - Processing /opt/airflow/dags/team_stats.py took 0.445 seconds
[2024-03-23T01:22:35.085+0000] {processor.py:161} INFO - Started process (PID=502) to work on /opt/airflow/dags/team_stats.py
[2024-03-23T01:22:35.088+0000] {processor.py:830} INFO - Processing file /opt/airflow/dags/team_stats.py for tasks to queue
[2024-03-23T01:22:35.090+0000] {logging_mixin.py:188} INFO - [2024-03-23T01:22:35.089+0000] {dagbag.py:540} INFO - Filling up the DagBag from /opt/airflow/dags/team_stats.py
[2024-03-23T01:22:35.678+0000] {processor.py:840} INFO - DAG(s) 'get_team_standings' retrieved from /opt/airflow/dags/team_stats.py
[2024-03-23T01:22:35.773+0000] {logging_mixin.py:188} INFO - [2024-03-23T01:22:35.772+0000] {dag.py:3047} INFO - Sync 1 DAGs
[2024-03-23T01:22:35.785+0000] {logging_mixin.py:188} INFO - [2024-03-23T01:22:35.785+0000] {dag.py:3834} INFO - Setting next_dagrun for get_team_standings to 2024-03-22 13:00:00+00:00, run_after=2024-03-23 13:00:00+00:00
[2024-03-23T01:22:35.797+0000] {processor.py:183} INFO - Processing /opt/airflow/dags/team_stats.py took 0.720 seconds
[2024-03-23T01:23:05.910+0000] {processor.py:161} INFO - Started process (PID=525) to work on /opt/airflow/dags/team_stats.py
[2024-03-23T01:23:05.912+0000] {processor.py:830} INFO - Processing file /opt/airflow/dags/team_stats.py for tasks to queue
[2024-03-23T01:23:05.914+0000] {logging_mixin.py:188} INFO - [2024-03-23T01:23:05.913+0000] {dagbag.py:540} INFO - Filling up the DagBag from /opt/airflow/dags/team_stats.py
[2024-03-23T01:23:06.269+0000] {processor.py:840} INFO - DAG(s) 'get_team_standings' retrieved from /opt/airflow/dags/team_stats.py
[2024-03-23T01:23:06.285+0000] {logging_mixin.py:188} INFO - [2024-03-23T01:23:06.285+0000] {dag.py:3047} INFO - Sync 1 DAGs
[2024-03-23T01:23:06.297+0000] {logging_mixin.py:188} INFO - [2024-03-23T01:23:06.297+0000] {dag.py:3834} INFO - Setting next_dagrun for get_team_standings to 2024-03-22 13:00:00+00:00, run_after=2024-03-23 13:00:00+00:00
[2024-03-23T01:23:06.308+0000] {processor.py:183} INFO - Processing /opt/airflow/dags/team_stats.py took 0.403 seconds
[2024-03-23T01:23:36.586+0000] {processor.py:161} INFO - Started process (PID=538) to work on /opt/airflow/dags/team_stats.py
[2024-03-23T01:23:36.588+0000] {processor.py:830} INFO - Processing file /opt/airflow/dags/team_stats.py for tasks to queue
[2024-03-23T01:23:36.589+0000] {logging_mixin.py:188} INFO - [2024-03-23T01:23:36.588+0000] {dagbag.py:540} INFO - Filling up the DagBag from /opt/airflow/dags/team_stats.py
[2024-03-23T01:23:36.920+0000] {processor.py:840} INFO - DAG(s) 'get_team_standings' retrieved from /opt/airflow/dags/team_stats.py
[2024-03-23T01:23:36.936+0000] {logging_mixin.py:188} INFO - [2024-03-23T01:23:36.935+0000] {dag.py:3047} INFO - Sync 1 DAGs
[2024-03-23T01:23:36.947+0000] {logging_mixin.py:188} INFO - [2024-03-23T01:23:36.947+0000] {dag.py:3834} INFO - Setting next_dagrun for get_team_standings to 2024-03-22 13:00:00+00:00, run_after=2024-03-23 13:00:00+00:00
[2024-03-23T01:23:36.965+0000] {processor.py:183} INFO - Processing /opt/airflow/dags/team_stats.py took 0.383 seconds
[2024-03-23T01:23:49.115+0000] {processor.py:161} INFO - Started process (PID=550) to work on /opt/airflow/dags/team_stats.py
[2024-03-23T01:23:49.118+0000] {processor.py:830} INFO - Processing file /opt/airflow/dags/team_stats.py for tasks to queue
[2024-03-23T01:23:49.119+0000] {logging_mixin.py:188} INFO - [2024-03-23T01:23:49.118+0000] {dagbag.py:540} INFO - Filling up the DagBag from /opt/airflow/dags/team_stats.py
[2024-03-23T01:23:49.566+0000] {processor.py:840} INFO - DAG(s) 'get_team_standings' retrieved from /opt/airflow/dags/team_stats.py
[2024-03-23T01:23:49.628+0000] {logging_mixin.py:188} INFO - [2024-03-23T01:23:49.627+0000] {dag.py:3047} INFO - Sync 1 DAGs
[2024-03-23T01:23:49.649+0000] {logging_mixin.py:188} INFO - [2024-03-23T01:23:49.649+0000] {dag.py:3834} INFO - Setting next_dagrun for get_team_standings to 2024-03-22 13:00:00+00:00, run_after=2024-03-23 13:00:00+00:00
[2024-03-23T01:23:49.667+0000] {processor.py:183} INFO - Processing /opt/airflow/dags/team_stats.py took 0.564 seconds
[2024-03-23T01:24:20.048+0000] {processor.py:161} INFO - Started process (PID=561) to work on /opt/airflow/dags/team_stats.py
[2024-03-23T01:24:20.050+0000] {processor.py:830} INFO - Processing file /opt/airflow/dags/team_stats.py for tasks to queue
[2024-03-23T01:24:20.052+0000] {logging_mixin.py:188} INFO - [2024-03-23T01:24:20.051+0000] {dagbag.py:540} INFO - Filling up the DagBag from /opt/airflow/dags/team_stats.py
[2024-03-23T01:24:20.461+0000] {processor.py:840} INFO - DAG(s) 'get_team_standings' retrieved from /opt/airflow/dags/team_stats.py
[2024-03-23T01:24:20.480+0000] {logging_mixin.py:188} INFO - [2024-03-23T01:24:20.480+0000] {dag.py:3047} INFO - Sync 1 DAGs
[2024-03-23T01:24:20.493+0000] {logging_mixin.py:188} INFO - [2024-03-23T01:24:20.493+0000] {dag.py:3834} INFO - Setting next_dagrun for get_team_standings to 2024-03-22 13:00:00+00:00, run_after=2024-03-23 13:00:00+00:00
[2024-03-23T01:24:20.502+0000] {processor.py:183} INFO - Processing /opt/airflow/dags/team_stats.py took 0.458 seconds
[2024-03-23T01:24:36.681+0000] {processor.py:161} INFO - Started process (PID=567) to work on /opt/airflow/dags/team_stats.py
[2024-03-23T01:24:36.683+0000] {processor.py:830} INFO - Processing file /opt/airflow/dags/team_stats.py for tasks to queue
[2024-03-23T01:24:36.684+0000] {logging_mixin.py:188} INFO - [2024-03-23T01:24:36.684+0000] {dagbag.py:540} INFO - Filling up the DagBag from /opt/airflow/dags/team_stats.py
[2024-03-23T01:24:37.025+0000] {processor.py:840} INFO - DAG(s) 'get_team_standings' retrieved from /opt/airflow/dags/team_stats.py
[2024-03-23T01:24:37.084+0000] {logging_mixin.py:188} INFO - [2024-03-23T01:24:37.083+0000] {dag.py:3047} INFO - Sync 1 DAGs
[2024-03-23T01:24:37.100+0000] {logging_mixin.py:188} INFO - [2024-03-23T01:24:37.100+0000] {dag.py:3834} INFO - Setting next_dagrun for get_team_standings to 2024-03-22 13:00:00+00:00, run_after=2024-03-23 13:00:00+00:00
[2024-03-23T01:24:37.111+0000] {processor.py:183} INFO - Processing /opt/airflow/dags/team_stats.py took 0.434 seconds
[2024-03-23T01:25:07.418+0000] {processor.py:161} INFO - Started process (PID=591) to work on /opt/airflow/dags/team_stats.py
[2024-03-23T01:25:07.424+0000] {processor.py:830} INFO - Processing file /opt/airflow/dags/team_stats.py for tasks to queue
[2024-03-23T01:25:07.425+0000] {logging_mixin.py:188} INFO - [2024-03-23T01:25:07.425+0000] {dagbag.py:540} INFO - Filling up the DagBag from /opt/airflow/dags/team_stats.py
[2024-03-23T01:25:07.841+0000] {processor.py:840} INFO - DAG(s) 'get_team_standings' retrieved from /opt/airflow/dags/team_stats.py
[2024-03-23T01:25:07.921+0000] {logging_mixin.py:188} INFO - [2024-03-23T01:25:07.917+0000] {dag.py:3047} INFO - Sync 1 DAGs
[2024-03-23T01:25:07.972+0000] {logging_mixin.py:188} INFO - [2024-03-23T01:25:07.972+0000] {dag.py:3834} INFO - Setting next_dagrun for get_team_standings to 2024-03-22 13:00:00+00:00, run_after=2024-03-23 13:00:00+00:00
[2024-03-23T01:25:08.046+0000] {processor.py:183} INFO - Processing /opt/airflow/dags/team_stats.py took 0.632 seconds
[2024-03-23T01:25:38.248+0000] {processor.py:161} INFO - Started process (PID=603) to work on /opt/airflow/dags/team_stats.py
[2024-03-23T01:25:38.253+0000] {processor.py:830} INFO - Processing file /opt/airflow/dags/team_stats.py for tasks to queue
[2024-03-23T01:25:38.260+0000] {logging_mixin.py:188} INFO - [2024-03-23T01:25:38.257+0000] {dagbag.py:540} INFO - Filling up the DagBag from /opt/airflow/dags/team_stats.py
[2024-03-23T01:25:38.641+0000] {processor.py:840} INFO - DAG(s) 'get_team_standings' retrieved from /opt/airflow/dags/team_stats.py
[2024-03-23T01:25:38.661+0000] {logging_mixin.py:188} INFO - [2024-03-23T01:25:38.661+0000] {dag.py:3047} INFO - Sync 1 DAGs
[2024-03-23T01:25:38.674+0000] {logging_mixin.py:188} INFO - [2024-03-23T01:25:38.674+0000] {dag.py:3834} INFO - Setting next_dagrun for get_team_standings to 2024-03-22 13:00:00+00:00, run_after=2024-03-23 13:00:00+00:00
[2024-03-23T01:25:38.683+0000] {processor.py:183} INFO - Processing /opt/airflow/dags/team_stats.py took 0.439 seconds
[2024-03-23T01:26:09.047+0000] {processor.py:161} INFO - Started process (PID=615) to work on /opt/airflow/dags/team_stats.py
[2024-03-23T01:26:09.050+0000] {processor.py:830} INFO - Processing file /opt/airflow/dags/team_stats.py for tasks to queue
[2024-03-23T01:26:09.053+0000] {logging_mixin.py:188} INFO - [2024-03-23T01:26:09.051+0000] {dagbag.py:540} INFO - Filling up the DagBag from /opt/airflow/dags/team_stats.py
[2024-03-23T01:26:10.005+0000] {processor.py:840} INFO - DAG(s) 'get_team_standings' retrieved from /opt/airflow/dags/team_stats.py
[2024-03-23T01:26:10.073+0000] {logging_mixin.py:188} INFO - [2024-03-23T01:26:10.072+0000] {dag.py:3047} INFO - Sync 1 DAGs
[2024-03-23T01:26:10.094+0000] {logging_mixin.py:188} INFO - [2024-03-23T01:26:10.094+0000] {dag.py:3834} INFO - Setting next_dagrun for get_team_standings to 2024-03-22 13:00:00+00:00, run_after=2024-03-23 13:00:00+00:00
[2024-03-23T01:26:10.111+0000] {processor.py:183} INFO - Processing /opt/airflow/dags/team_stats.py took 1.099 seconds
[2024-03-23T01:26:40.290+0000] {processor.py:161} INFO - Started process (PID=627) to work on /opt/airflow/dags/team_stats.py
[2024-03-23T01:26:40.292+0000] {processor.py:830} INFO - Processing file /opt/airflow/dags/team_stats.py for tasks to queue
[2024-03-23T01:26:40.293+0000] {logging_mixin.py:188} INFO - [2024-03-23T01:26:40.293+0000] {dagbag.py:540} INFO - Filling up the DagBag from /opt/airflow/dags/team_stats.py
[2024-03-23T01:26:40.729+0000] {processor.py:840} INFO - DAG(s) 'get_team_standings' retrieved from /opt/airflow/dags/team_stats.py
[2024-03-23T01:26:40.748+0000] {logging_mixin.py:188} INFO - [2024-03-23T01:26:40.748+0000] {dag.py:3047} INFO - Sync 1 DAGs
[2024-03-23T01:26:40.762+0000] {logging_mixin.py:188} INFO - [2024-03-23T01:26:40.762+0000] {dag.py:3834} INFO - Setting next_dagrun for get_team_standings to 2024-03-22 13:00:00+00:00, run_after=2024-03-23 13:00:00+00:00
[2024-03-23T01:26:40.773+0000] {processor.py:183} INFO - Processing /opt/airflow/dags/team_stats.py took 0.489 seconds
[2024-03-23T01:27:11.061+0000] {processor.py:161} INFO - Started process (PID=639) to work on /opt/airflow/dags/team_stats.py
[2024-03-23T01:27:11.064+0000] {processor.py:830} INFO - Processing file /opt/airflow/dags/team_stats.py for tasks to queue
[2024-03-23T01:27:11.066+0000] {logging_mixin.py:188} INFO - [2024-03-23T01:27:11.065+0000] {dagbag.py:540} INFO - Filling up the DagBag from /opt/airflow/dags/team_stats.py
[2024-03-23T01:27:11.453+0000] {processor.py:840} INFO - DAG(s) 'get_team_standings' retrieved from /opt/airflow/dags/team_stats.py
[2024-03-23T01:27:11.473+0000] {logging_mixin.py:188} INFO - [2024-03-23T01:27:11.473+0000] {dag.py:3047} INFO - Sync 1 DAGs
[2024-03-23T01:27:11.487+0000] {logging_mixin.py:188} INFO - [2024-03-23T01:27:11.486+0000] {dag.py:3834} INFO - Setting next_dagrun for get_team_standings to 2024-03-22 13:00:00+00:00, run_after=2024-03-23 13:00:00+00:00
[2024-03-23T01:27:11.496+0000] {processor.py:183} INFO - Processing /opt/airflow/dags/team_stats.py took 0.441 seconds
[2024-03-23T01:27:41.804+0000] {processor.py:161} INFO - Started process (PID=663) to work on /opt/airflow/dags/team_stats.py
[2024-03-23T01:27:41.808+0000] {processor.py:830} INFO - Processing file /opt/airflow/dags/team_stats.py for tasks to queue
[2024-03-23T01:27:41.810+0000] {logging_mixin.py:188} INFO - [2024-03-23T01:27:41.809+0000] {dagbag.py:540} INFO - Filling up the DagBag from /opt/airflow/dags/team_stats.py
[2024-03-23T01:27:42.270+0000] {processor.py:840} INFO - DAG(s) 'get_team_standings' retrieved from /opt/airflow/dags/team_stats.py
[2024-03-23T01:27:42.295+0000] {logging_mixin.py:188} INFO - [2024-03-23T01:27:42.295+0000] {dag.py:3047} INFO - Sync 1 DAGs
[2024-03-23T01:27:42.309+0000] {logging_mixin.py:188} INFO - [2024-03-23T01:27:42.309+0000] {dag.py:3834} INFO - Setting next_dagrun for get_team_standings to 2024-03-22 13:00:00+00:00, run_after=2024-03-23 13:00:00+00:00
[2024-03-23T01:27:42.318+0000] {processor.py:183} INFO - Processing /opt/airflow/dags/team_stats.py took 0.522 seconds
[2024-03-23T01:28:12.780+0000] {processor.py:161} INFO - Started process (PID=675) to work on /opt/airflow/dags/team_stats.py
[2024-03-23T01:28:12.785+0000] {processor.py:830} INFO - Processing file /opt/airflow/dags/team_stats.py for tasks to queue
[2024-03-23T01:28:12.786+0000] {logging_mixin.py:188} INFO - [2024-03-23T01:28:12.785+0000] {dagbag.py:540} INFO - Filling up the DagBag from /opt/airflow/dags/team_stats.py
[2024-03-23T01:28:13.233+0000] {processor.py:840} INFO - DAG(s) 'get_team_standings' retrieved from /opt/airflow/dags/team_stats.py
[2024-03-23T01:28:13.260+0000] {logging_mixin.py:188} INFO - [2024-03-23T01:28:13.259+0000] {dag.py:3047} INFO - Sync 1 DAGs
[2024-03-23T01:28:13.280+0000] {logging_mixin.py:188} INFO - [2024-03-23T01:28:13.280+0000] {dag.py:3834} INFO - Setting next_dagrun for get_team_standings to 2024-03-22 13:00:00+00:00, run_after=2024-03-23 13:00:00+00:00
[2024-03-23T01:28:13.292+0000] {processor.py:183} INFO - Processing /opt/airflow/dags/team_stats.py took 0.517 seconds
[2024-03-23T01:28:43.593+0000] {processor.py:161} INFO - Started process (PID=692) to work on /opt/airflow/dags/team_stats.py
[2024-03-23T01:28:43.595+0000] {processor.py:830} INFO - Processing file /opt/airflow/dags/team_stats.py for tasks to queue
[2024-03-23T01:28:43.596+0000] {logging_mixin.py:188} INFO - [2024-03-23T01:28:43.596+0000] {dagbag.py:540} INFO - Filling up the DagBag from /opt/airflow/dags/team_stats.py
[2024-03-23T01:28:43.984+0000] {processor.py:840} INFO - DAG(s) 'get_team_standings' retrieved from /opt/airflow/dags/team_stats.py
[2024-03-23T01:28:44.004+0000] {logging_mixin.py:188} INFO - [2024-03-23T01:28:44.004+0000] {dag.py:3047} INFO - Sync 1 DAGs
[2024-03-23T01:28:44.025+0000] {logging_mixin.py:188} INFO - [2024-03-23T01:28:44.025+0000] {dag.py:3834} INFO - Setting next_dagrun for get_team_standings to 2024-03-22 13:00:00+00:00, run_after=2024-03-23 13:00:00+00:00
[2024-03-23T01:28:44.038+0000] {processor.py:183} INFO - Processing /opt/airflow/dags/team_stats.py took 0.449 seconds
[2024-03-23T01:29:14.338+0000] {processor.py:161} INFO - Started process (PID=704) to work on /opt/airflow/dags/team_stats.py
[2024-03-23T01:29:14.340+0000] {processor.py:830} INFO - Processing file /opt/airflow/dags/team_stats.py for tasks to queue
[2024-03-23T01:29:14.342+0000] {logging_mixin.py:188} INFO - [2024-03-23T01:29:14.341+0000] {dagbag.py:540} INFO - Filling up the DagBag from /opt/airflow/dags/team_stats.py
[2024-03-23T01:29:14.721+0000] {processor.py:840} INFO - DAG(s) 'get_team_standings' retrieved from /opt/airflow/dags/team_stats.py
[2024-03-23T01:29:14.740+0000] {logging_mixin.py:188} INFO - [2024-03-23T01:29:14.740+0000] {dag.py:3047} INFO - Sync 1 DAGs
[2024-03-23T01:29:14.782+0000] {logging_mixin.py:188} INFO - [2024-03-23T01:29:14.782+0000] {dag.py:3834} INFO - Setting next_dagrun for get_team_standings to 2024-03-22 13:00:00+00:00, run_after=2024-03-23 13:00:00+00:00
[2024-03-23T01:29:14.800+0000] {processor.py:183} INFO - Processing /opt/airflow/dags/team_stats.py took 0.465 seconds
[2024-03-23T01:29:45.116+0000] {processor.py:161} INFO - Started process (PID=716) to work on /opt/airflow/dags/team_stats.py
[2024-03-23T01:29:45.129+0000] {processor.py:830} INFO - Processing file /opt/airflow/dags/team_stats.py for tasks to queue
[2024-03-23T01:29:45.132+0000] {logging_mixin.py:188} INFO - [2024-03-23T01:29:45.131+0000] {dagbag.py:540} INFO - Filling up the DagBag from /opt/airflow/dags/team_stats.py
[2024-03-23T01:29:45.545+0000] {processor.py:840} INFO - DAG(s) 'get_team_standings' retrieved from /opt/airflow/dags/team_stats.py
[2024-03-23T01:29:45.570+0000] {logging_mixin.py:188} INFO - [2024-03-23T01:29:45.570+0000] {dag.py:3047} INFO - Sync 1 DAGs
[2024-03-23T01:29:45.584+0000] {logging_mixin.py:188} INFO - [2024-03-23T01:29:45.584+0000] {dag.py:3834} INFO - Setting next_dagrun for get_team_standings to 2024-03-22 13:00:00+00:00, run_after=2024-03-23 13:00:00+00:00
[2024-03-23T01:29:45.594+0000] {processor.py:183} INFO - Processing /opt/airflow/dags/team_stats.py took 0.484 seconds
[2024-03-23T01:30:16.008+0000] {processor.py:161} INFO - Started process (PID=728) to work on /opt/airflow/dags/team_stats.py
[2024-03-23T01:30:16.010+0000] {processor.py:830} INFO - Processing file /opt/airflow/dags/team_stats.py for tasks to queue
[2024-03-23T01:30:16.012+0000] {logging_mixin.py:188} INFO - [2024-03-23T01:30:16.011+0000] {dagbag.py:540} INFO - Filling up the DagBag from /opt/airflow/dags/team_stats.py
[2024-03-23T01:30:16.436+0000] {processor.py:840} INFO - DAG(s) 'get_team_standings' retrieved from /opt/airflow/dags/team_stats.py
[2024-03-23T01:30:16.467+0000] {logging_mixin.py:188} INFO - [2024-03-23T01:30:16.466+0000] {dag.py:3047} INFO - Sync 1 DAGs
[2024-03-23T01:30:16.483+0000] {logging_mixin.py:188} INFO - [2024-03-23T01:30:16.483+0000] {dag.py:3834} INFO - Setting next_dagrun for get_team_standings to 2024-03-22 13:00:00+00:00, run_after=2024-03-23 13:00:00+00:00
[2024-03-23T01:30:16.493+0000] {processor.py:183} INFO - Processing /opt/airflow/dags/team_stats.py took 0.490 seconds
[2024-03-23T01:30:46.841+0000] {processor.py:161} INFO - Started process (PID=740) to work on /opt/airflow/dags/team_stats.py
[2024-03-23T01:30:46.844+0000] {processor.py:830} INFO - Processing file /opt/airflow/dags/team_stats.py for tasks to queue
[2024-03-23T01:30:46.846+0000] {logging_mixin.py:188} INFO - [2024-03-23T01:30:46.845+0000] {dagbag.py:540} INFO - Filling up the DagBag from /opt/airflow/dags/team_stats.py
[2024-03-23T01:30:47.289+0000] {processor.py:840} INFO - DAG(s) 'get_team_standings' retrieved from /opt/airflow/dags/team_stats.py
[2024-03-23T01:30:47.318+0000] {logging_mixin.py:188} INFO - [2024-03-23T01:30:47.317+0000] {dag.py:3047} INFO - Sync 1 DAGs
[2024-03-23T01:30:47.333+0000] {logging_mixin.py:188} INFO - [2024-03-23T01:30:47.332+0000] {dag.py:3834} INFO - Setting next_dagrun for get_team_standings to 2024-03-22 13:00:00+00:00, run_after=2024-03-23 13:00:00+00:00
[2024-03-23T01:30:47.357+0000] {processor.py:183} INFO - Processing /opt/airflow/dags/team_stats.py took 0.538 seconds
[2024-03-23T01:31:17.559+0000] {processor.py:161} INFO - Started process (PID=751) to work on /opt/airflow/dags/team_stats.py
[2024-03-23T01:31:17.561+0000] {processor.py:830} INFO - Processing file /opt/airflow/dags/team_stats.py for tasks to queue
[2024-03-23T01:31:17.569+0000] {logging_mixin.py:188} INFO - [2024-03-23T01:31:17.563+0000] {dagbag.py:540} INFO - Filling up the DagBag from /opt/airflow/dags/team_stats.py
[2024-03-23T01:31:17.929+0000] {processor.py:840} INFO - DAG(s) 'get_team_standings' retrieved from /opt/airflow/dags/team_stats.py
[2024-03-23T01:31:17.969+0000] {logging_mixin.py:188} INFO - [2024-03-23T01:31:17.969+0000] {dag.py:3047} INFO - Sync 1 DAGs
[2024-03-23T01:31:17.991+0000] {logging_mixin.py:188} INFO - [2024-03-23T01:31:17.991+0000] {dag.py:3834} INFO - Setting next_dagrun for get_team_standings to 2024-03-22 13:00:00+00:00, run_after=2024-03-23 13:00:00+00:00
[2024-03-23T01:31:18.007+0000] {processor.py:183} INFO - Processing /opt/airflow/dags/team_stats.py took 0.451 seconds
[2024-03-23T01:31:48.345+0000] {processor.py:161} INFO - Started process (PID=763) to work on /opt/airflow/dags/team_stats.py
[2024-03-23T01:31:48.347+0000] {processor.py:830} INFO - Processing file /opt/airflow/dags/team_stats.py for tasks to queue
[2024-03-23T01:31:48.349+0000] {logging_mixin.py:188} INFO - [2024-03-23T01:31:48.348+0000] {dagbag.py:540} INFO - Filling up the DagBag from /opt/airflow/dags/team_stats.py
[2024-03-23T01:31:48.710+0000] {processor.py:840} INFO - DAG(s) 'get_team_standings' retrieved from /opt/airflow/dags/team_stats.py
[2024-03-23T01:31:48.729+0000] {logging_mixin.py:188} INFO - [2024-03-23T01:31:48.729+0000] {dag.py:3047} INFO - Sync 1 DAGs
[2024-03-23T01:31:48.741+0000] {logging_mixin.py:188} INFO - [2024-03-23T01:31:48.741+0000] {dag.py:3834} INFO - Setting next_dagrun for get_team_standings to 2024-03-22 13:00:00+00:00, run_after=2024-03-23 13:00:00+00:00
[2024-03-23T01:31:48.750+0000] {processor.py:183} INFO - Processing /opt/airflow/dags/team_stats.py took 0.412 seconds
[2024-03-23T01:32:19.050+0000] {processor.py:161} INFO - Started process (PID=775) to work on /opt/airflow/dags/team_stats.py
[2024-03-23T01:32:19.057+0000] {processor.py:830} INFO - Processing file /opt/airflow/dags/team_stats.py for tasks to queue
[2024-03-23T01:32:19.058+0000] {logging_mixin.py:188} INFO - [2024-03-23T01:32:19.058+0000] {dagbag.py:540} INFO - Filling up the DagBag from /opt/airflow/dags/team_stats.py
[2024-03-23T01:32:19.408+0000] {processor.py:840} INFO - DAG(s) 'get_team_standings' retrieved from /opt/airflow/dags/team_stats.py
[2024-03-23T01:32:19.425+0000] {logging_mixin.py:188} INFO - [2024-03-23T01:32:19.424+0000] {dag.py:3047} INFO - Sync 1 DAGs
[2024-03-23T01:32:19.438+0000] {logging_mixin.py:188} INFO - [2024-03-23T01:32:19.438+0000] {dag.py:3834} INFO - Setting next_dagrun for get_team_standings to 2024-03-22 13:00:00+00:00, run_after=2024-03-23 13:00:00+00:00
[2024-03-23T01:32:19.447+0000] {processor.py:183} INFO - Processing /opt/airflow/dags/team_stats.py took 0.401 seconds
[2024-03-23T01:32:49.760+0000] {processor.py:161} INFO - Started process (PID=788) to work on /opt/airflow/dags/team_stats.py
[2024-03-23T01:32:49.763+0000] {processor.py:830} INFO - Processing file /opt/airflow/dags/team_stats.py for tasks to queue
[2024-03-23T01:32:49.764+0000] {logging_mixin.py:188} INFO - [2024-03-23T01:32:49.763+0000] {dagbag.py:540} INFO - Filling up the DagBag from /opt/airflow/dags/team_stats.py
[2024-03-23T01:32:50.135+0000] {processor.py:840} INFO - DAG(s) 'get_team_standings' retrieved from /opt/airflow/dags/team_stats.py
[2024-03-23T01:32:50.153+0000] {logging_mixin.py:188} INFO - [2024-03-23T01:32:50.152+0000] {dag.py:3047} INFO - Sync 1 DAGs
[2024-03-23T01:32:50.165+0000] {logging_mixin.py:188} INFO - [2024-03-23T01:32:50.164+0000] {dag.py:3834} INFO - Setting next_dagrun for get_team_standings to 2024-03-22 13:00:00+00:00, run_after=2024-03-23 13:00:00+00:00
[2024-03-23T01:32:50.173+0000] {processor.py:183} INFO - Processing /opt/airflow/dags/team_stats.py took 0.419 seconds
[2024-03-23T01:33:20.500+0000] {processor.py:161} INFO - Started process (PID=800) to work on /opt/airflow/dags/team_stats.py
[2024-03-23T01:33:20.504+0000] {processor.py:830} INFO - Processing file /opt/airflow/dags/team_stats.py for tasks to queue
[2024-03-23T01:33:20.505+0000] {logging_mixin.py:188} INFO - [2024-03-23T01:33:20.504+0000] {dagbag.py:540} INFO - Filling up the DagBag from /opt/airflow/dags/team_stats.py
[2024-03-23T01:33:20.857+0000] {processor.py:840} INFO - DAG(s) 'get_team_standings' retrieved from /opt/airflow/dags/team_stats.py
[2024-03-23T01:33:20.875+0000] {logging_mixin.py:188} INFO - [2024-03-23T01:33:20.875+0000] {dag.py:3047} INFO - Sync 1 DAGs
[2024-03-23T01:33:20.887+0000] {logging_mixin.py:188} INFO - [2024-03-23T01:33:20.887+0000] {dag.py:3834} INFO - Setting next_dagrun for get_team_standings to 2024-03-22 13:00:00+00:00, run_after=2024-03-23 13:00:00+00:00
[2024-03-23T01:33:20.895+0000] {processor.py:183} INFO - Processing /opt/airflow/dags/team_stats.py took 0.401 seconds
[2024-03-23T01:33:51.180+0000] {processor.py:161} INFO - Started process (PID=812) to work on /opt/airflow/dags/team_stats.py
[2024-03-23T01:33:51.182+0000] {processor.py:830} INFO - Processing file /opt/airflow/dags/team_stats.py for tasks to queue
[2024-03-23T01:33:51.184+0000] {logging_mixin.py:188} INFO - [2024-03-23T01:33:51.183+0000] {dagbag.py:540} INFO - Filling up the DagBag from /opt/airflow/dags/team_stats.py
[2024-03-23T01:33:51.529+0000] {processor.py:840} INFO - DAG(s) 'get_team_standings' retrieved from /opt/airflow/dags/team_stats.py
[2024-03-23T01:33:51.546+0000] {logging_mixin.py:188} INFO - [2024-03-23T01:33:51.546+0000] {dag.py:3047} INFO - Sync 1 DAGs
[2024-03-23T01:33:51.565+0000] {logging_mixin.py:188} INFO - [2024-03-23T01:33:51.565+0000] {dag.py:3834} INFO - Setting next_dagrun for get_team_standings to 2024-03-22 13:00:00+00:00, run_after=2024-03-23 13:00:00+00:00
[2024-03-23T01:33:51.577+0000] {processor.py:183} INFO - Processing /opt/airflow/dags/team_stats.py took 0.403 seconds
[2024-03-23T01:34:21.870+0000] {processor.py:161} INFO - Started process (PID=825) to work on /opt/airflow/dags/team_stats.py
[2024-03-23T01:34:21.873+0000] {processor.py:830} INFO - Processing file /opt/airflow/dags/team_stats.py for tasks to queue
[2024-03-23T01:34:21.879+0000] {logging_mixin.py:188} INFO - [2024-03-23T01:34:21.877+0000] {dagbag.py:540} INFO - Filling up the DagBag from /opt/airflow/dags/team_stats.py
[2024-03-23T01:34:22.301+0000] {processor.py:840} INFO - DAG(s) 'get_team_standings' retrieved from /opt/airflow/dags/team_stats.py
[2024-03-23T01:34:22.321+0000] {logging_mixin.py:188} INFO - [2024-03-23T01:34:22.321+0000] {dag.py:3047} INFO - Sync 1 DAGs
[2024-03-23T01:34:22.334+0000] {logging_mixin.py:188} INFO - [2024-03-23T01:34:22.334+0000] {dag.py:3834} INFO - Setting next_dagrun for get_team_standings to 2024-03-22 13:00:00+00:00, run_after=2024-03-23 13:00:00+00:00
[2024-03-23T01:34:22.344+0000] {processor.py:183} INFO - Processing /opt/airflow/dags/team_stats.py took 0.479 seconds
[2024-03-23T01:34:52.663+0000] {processor.py:161} INFO - Started process (PID=837) to work on /opt/airflow/dags/team_stats.py
[2024-03-23T01:34:52.665+0000] {processor.py:830} INFO - Processing file /opt/airflow/dags/team_stats.py for tasks to queue
[2024-03-23T01:34:52.667+0000] {logging_mixin.py:188} INFO - [2024-03-23T01:34:52.666+0000] {dagbag.py:540} INFO - Filling up the DagBag from /opt/airflow/dags/team_stats.py
[2024-03-23T01:34:53.087+0000] {processor.py:840} INFO - DAG(s) 'get_team_standings' retrieved from /opt/airflow/dags/team_stats.py
[2024-03-23T01:34:53.114+0000] {logging_mixin.py:188} INFO - [2024-03-23T01:34:53.114+0000] {dag.py:3047} INFO - Sync 1 DAGs
[2024-03-23T01:34:53.127+0000] {logging_mixin.py:188} INFO - [2024-03-23T01:34:53.127+0000] {dag.py:3834} INFO - Setting next_dagrun for get_team_standings to 2024-03-22 13:00:00+00:00, run_after=2024-03-23 13:00:00+00:00
[2024-03-23T01:34:53.139+0000] {processor.py:183} INFO - Processing /opt/airflow/dags/team_stats.py took 0.483 seconds
[2024-03-23T01:35:23.490+0000] {processor.py:161} INFO - Started process (PID=849) to work on /opt/airflow/dags/team_stats.py
[2024-03-23T01:35:23.492+0000] {processor.py:830} INFO - Processing file /opt/airflow/dags/team_stats.py for tasks to queue
[2024-03-23T01:35:23.493+0000] {logging_mixin.py:188} INFO - [2024-03-23T01:35:23.493+0000] {dagbag.py:540} INFO - Filling up the DagBag from /opt/airflow/dags/team_stats.py
[2024-03-23T01:35:23.852+0000] {processor.py:840} INFO - DAG(s) 'get_team_standings' retrieved from /opt/airflow/dags/team_stats.py
[2024-03-23T01:35:23.869+0000] {logging_mixin.py:188} INFO - [2024-03-23T01:35:23.869+0000] {dag.py:3047} INFO - Sync 1 DAGs
[2024-03-23T01:35:23.881+0000] {logging_mixin.py:188} INFO - [2024-03-23T01:35:23.881+0000] {dag.py:3834} INFO - Setting next_dagrun for get_team_standings to 2024-03-22 13:00:00+00:00, run_after=2024-03-23 13:00:00+00:00
[2024-03-23T01:35:23.890+0000] {processor.py:183} INFO - Processing /opt/airflow/dags/team_stats.py took 0.406 seconds
[2024-03-23T01:35:54.233+0000] {processor.py:161} INFO - Started process (PID=861) to work on /opt/airflow/dags/team_stats.py
[2024-03-23T01:35:54.237+0000] {processor.py:830} INFO - Processing file /opt/airflow/dags/team_stats.py for tasks to queue
[2024-03-23T01:35:54.238+0000] {logging_mixin.py:188} INFO - [2024-03-23T01:35:54.237+0000] {dagbag.py:540} INFO - Filling up the DagBag from /opt/airflow/dags/team_stats.py
[2024-03-23T01:35:54.674+0000] {processor.py:840} INFO - DAG(s) 'get_team_standings' retrieved from /opt/airflow/dags/team_stats.py
[2024-03-23T01:35:54.719+0000] {logging_mixin.py:188} INFO - [2024-03-23T01:35:54.719+0000] {dag.py:3047} INFO - Sync 1 DAGs
[2024-03-23T01:35:54.735+0000] {logging_mixin.py:188} INFO - [2024-03-23T01:35:54.735+0000] {dag.py:3834} INFO - Setting next_dagrun for get_team_standings to 2024-03-22 13:00:00+00:00, run_after=2024-03-23 13:00:00+00:00
[2024-03-23T01:35:54.772+0000] {processor.py:183} INFO - Processing /opt/airflow/dags/team_stats.py took 0.550 seconds
[2024-03-23T01:36:25.117+0000] {processor.py:161} INFO - Started process (PID=873) to work on /opt/airflow/dags/team_stats.py
[2024-03-23T01:36:25.120+0000] {processor.py:830} INFO - Processing file /opt/airflow/dags/team_stats.py for tasks to queue
[2024-03-23T01:36:25.121+0000] {logging_mixin.py:188} INFO - [2024-03-23T01:36:25.121+0000] {dagbag.py:540} INFO - Filling up the DagBag from /opt/airflow/dags/team_stats.py
[2024-03-23T01:36:25.534+0000] {processor.py:840} INFO - DAG(s) 'get_team_standings' retrieved from /opt/airflow/dags/team_stats.py
[2024-03-23T01:36:25.552+0000] {logging_mixin.py:188} INFO - [2024-03-23T01:36:25.552+0000] {dag.py:3047} INFO - Sync 1 DAGs
[2024-03-23T01:36:25.564+0000] {logging_mixin.py:188} INFO - [2024-03-23T01:36:25.564+0000] {dag.py:3834} INFO - Setting next_dagrun for get_team_standings to 2024-03-22 13:00:00+00:00, run_after=2024-03-23 13:00:00+00:00
[2024-03-23T01:36:25.573+0000] {processor.py:183} INFO - Processing /opt/airflow/dags/team_stats.py took 0.464 seconds
[2024-03-23T01:36:55.971+0000] {processor.py:161} INFO - Started process (PID=885) to work on /opt/airflow/dags/team_stats.py
[2024-03-23T01:36:55.973+0000] {processor.py:830} INFO - Processing file /opt/airflow/dags/team_stats.py for tasks to queue
[2024-03-23T01:36:55.975+0000] {logging_mixin.py:188} INFO - [2024-03-23T01:36:55.974+0000] {dagbag.py:540} INFO - Filling up the DagBag from /opt/airflow/dags/team_stats.py
[2024-03-23T01:36:56.330+0000] {processor.py:840} INFO - DAG(s) 'get_team_standings' retrieved from /opt/airflow/dags/team_stats.py
[2024-03-23T01:36:56.347+0000] {logging_mixin.py:188} INFO - [2024-03-23T01:36:56.346+0000] {dag.py:3047} INFO - Sync 1 DAGs
[2024-03-23T01:36:56.358+0000] {logging_mixin.py:188} INFO - [2024-03-23T01:36:56.358+0000] {dag.py:3834} INFO - Setting next_dagrun for get_team_standings to 2024-03-22 13:00:00+00:00, run_after=2024-03-23 13:00:00+00:00
[2024-03-23T01:36:56.368+0000] {processor.py:183} INFO - Processing /opt/airflow/dags/team_stats.py took 0.402 seconds
