[2024-03-23T01:07:47.365+0000] {manager.py:469} INFO - Processing files using up to 2 processes at a time 
[2024-03-23T01:07:47.366+0000] {manager.py:470} INFO - Process each file at most once every 30 seconds
[2024-03-23T01:07:47.367+0000] {manager.py:471} INFO - Checking for new files in /opt/airflow/dags every 300 seconds
[2024-03-23T01:07:47.367+0000] {manager.py:738} INFO - Searching for files in /opt/airflow/dags
[2024-03-23T01:07:47.368+0000] {manager.py:741} INFO - There are 0 files in /opt/airflow/dags
[2024-03-23T01:12:47.531+0000] {manager.py:738} INFO - Searching for files in /opt/airflow/dags
[2024-03-23T01:12:47.584+0000] {manager.py:741} INFO - There are 1 files in /opt/airflow/dags
[2024-03-23T01:12:50.774+0000] {manager.py:879} INFO - 
================================================================================
DAG File Processing Stats

File Path                        PID    Runtime      # DAGs    # Errors  Last Runtime    Last Run
-------------------------------  -----  ---------  --------  ----------  --------------  -------------------
/opt/airflow/dags/team_stats.py                           1           0  0.75s           2024-03-23T01:12:48
================================================================================
[2024-03-23T01:13:20.973+0000] {manager.py:879} INFO - 
================================================================================
DAG File Processing Stats

File Path                        PID    Runtime      # DAGs    # Errors  Last Runtime    Last Run
-------------------------------  -----  ---------  --------  ----------  --------------  -------------------
/opt/airflow/dags/team_stats.py                           1           0  1.68s           2024-03-23T01:13:20
================================================================================
[2024-03-23T01:13:51.798+0000] {manager.py:879} INFO - 
================================================================================
DAG File Processing Stats

File Path                          PID  Runtime      # DAGs    # Errors  Last Runtime    Last Run
-------------------------------  -----  ---------  --------  ----------  --------------  -------------------
/opt/airflow/dags/team_stats.py    257  0.02s             1           0  1.68s           2024-03-23T01:13:20
================================================================================
[2024-03-23T01:14:21.815+0000] {manager.py:879} INFO - 
================================================================================
DAG File Processing Stats

File Path                        PID    Runtime      # DAGs    # Errors  Last Runtime    Last Run
-------------------------------  -----  ---------  --------  ----------  --------------  -------------------
/opt/airflow/dags/team_stats.py                           1           0  0.81s           2024-03-23T01:13:52
================================================================================
[2024-03-23T01:14:52.314+0000] {manager.py:879} INFO - 
================================================================================
DAG File Processing Stats

File Path                        PID    Runtime      # DAGs    # Errors  Last Runtime    Last Run
-------------------------------  -----  ---------  --------  ----------  --------------  -------------------
/opt/airflow/dags/team_stats.py                           1           0  0.54s           2024-03-23T01:14:23
================================================================================
[2024-03-23T01:15:22.452+0000] {manager.py:879} INFO - 
================================================================================
DAG File Processing Stats

File Path                        PID    Runtime      # DAGs    # Errors  Last Runtime    Last Run
-------------------------------  -----  ---------  --------  ----------  --------------  -------------------
/opt/airflow/dags/team_stats.py                           1           0  0.51s           2024-03-23T01:14:54
================================================================================
[2024-03-23T01:15:53.224+0000] {manager.py:879} INFO - 
================================================================================
DAG File Processing Stats

File Path                        PID    Runtime      # DAGs    # Errors  Last Runtime    Last Run
-------------------------------  -----  ---------  --------  ----------  --------------  -------------------
/opt/airflow/dags/team_stats.py                           1           0  0.64s           2024-03-23T01:15:25
================================================================================
[2024-03-23T01:16:23.581+0000] {manager.py:879} INFO - 
================================================================================
DAG File Processing Stats

File Path                        PID    Runtime      # DAGs    # Errors  Last Runtime    Last Run
-------------------------------  -----  ---------  --------  ----------  --------------  -------------------
/opt/airflow/dags/team_stats.py                           1           0  0.52s           2024-03-23T01:15:55
================================================================================
[2024-03-23T01:16:53.900+0000] {manager.py:879} INFO - 
================================================================================
DAG File Processing Stats

File Path                        PID    Runtime      # DAGs    # Errors  Last Runtime    Last Run
-------------------------------  -----  ---------  --------  ----------  --------------  -------------------
/opt/airflow/dags/team_stats.py                           1           0  0.59s           2024-03-23T01:16:26
================================================================================
[2024-03-23T01:17:24.238+0000] {manager.py:879} INFO - 
================================================================================
DAG File Processing Stats

File Path                        PID    Runtime      # DAGs    # Errors  Last Runtime    Last Run
-------------------------------  -----  ---------  --------  ----------  --------------  -------------------
/opt/airflow/dags/team_stats.py                           1           0  0.53s           2024-03-23T01:16:57
================================================================================
[2024-03-23T01:17:47.913+0000] {manager.py:738} INFO - Searching for files in /opt/airflow/dags
[2024-03-23T01:17:47.919+0000] {manager.py:741} INFO - There are 1 files in /opt/airflow/dags
[2024-03-23T01:17:54.497+0000] {manager.py:879} INFO - 
================================================================================
DAG File Processing Stats

File Path                        PID    Runtime      # DAGs    # Errors  Last Runtime    Last Run
-------------------------------  -----  ---------  --------  ----------  --------------  -------------------
/opt/airflow/dags/team_stats.py                           1           0  0.49s           2024-03-23T01:17:28
================================================================================
[2024-03-23T01:18:25.375+0000] {manager.py:879} INFO - 
================================================================================
DAG File Processing Stats

File Path                        PID    Runtime      # DAGs    # Errors  Last Runtime    Last Run
-------------------------------  -----  ---------  --------  ----------  --------------  -------------------
/opt/airflow/dags/team_stats.py                           1           0  0.56s           2024-03-23T01:17:59
================================================================================
[2024-03-23T01:18:55.662+0000] {manager.py:879} INFO - 
================================================================================
DAG File Processing Stats

File Path                        PID    Runtime      # DAGs    # Errors  Last Runtime    Last Run
-------------------------------  -----  ---------  --------  ----------  --------------  -------------------
/opt/airflow/dags/team_stats.py                           1           0  0.54s           2024-03-23T01:18:29
================================================================================
[2024-03-23T01:19:25.987+0000] {manager.py:879} INFO - 
================================================================================
DAG File Processing Stats

File Path                        PID    Runtime      # DAGs    # Errors  Last Runtime    Last Run
-------------------------------  -----  ---------  --------  ----------  --------------  -------------------
/opt/airflow/dags/team_stats.py                           1           0  0.53s           2024-03-23T01:19:00
================================================================================
[2024-03-23T01:19:56.249+0000] {manager.py:879} INFO - 
================================================================================
DAG File Processing Stats

File Path                        PID    Runtime      # DAGs    # Errors  Last Runtime    Last Run
-------------------------------  -----  ---------  --------  ----------  --------------  -------------------
/opt/airflow/dags/team_stats.py                           1           0  0.46s           2024-03-23T01:19:31
================================================================================
[2024-03-23T01:20:26.468+0000] {manager.py:879} INFO - 
================================================================================
DAG File Processing Stats

File Path                        PID    Runtime      # DAGs    # Errors  Last Runtime    Last Run
-------------------------------  -----  ---------  --------  ----------  --------------  -------------------
/opt/airflow/dags/team_stats.py                           1           0  0.51s           2024-03-23T01:20:02
================================================================================
[2024-03-23T01:20:57.367+0000] {manager.py:879} INFO - 
================================================================================
DAG File Processing Stats

File Path                        PID    Runtime      # DAGs    # Errors  Last Runtime    Last Run
-------------------------------  -----  ---------  --------  ----------  --------------  -------------------
/opt/airflow/dags/team_stats.py                           1           0  0.55s           2024-03-23T01:20:33
================================================================================
[2024-03-23T01:21:27.405+0000] {manager.py:879} INFO - 
================================================================================
DAG File Processing Stats

File Path                        PID    Runtime      # DAGs    # Errors  Last Runtime    Last Run
-------------------------------  -----  ---------  --------  ----------  --------------  -------------------
/opt/airflow/dags/team_stats.py                           1           0  0.75s           2024-03-23T01:21:04
================================================================================
[2024-03-23T01:21:57.521+0000] {manager.py:879} INFO - 
================================================================================
DAG File Processing Stats

File Path                        PID    Runtime      # DAGs    # Errors  Last Runtime    Last Run
-------------------------------  -----  ---------  --------  ----------  --------------  -------------------
/opt/airflow/dags/team_stats.py                           1           0  0.61s           2024-03-23T01:21:28
================================================================================
[2024-03-23T01:22:28.191+0000] {manager.py:879} INFO - 
================================================================================
DAG File Processing Stats

File Path                        PID    Runtime      # DAGs    # Errors  Last Runtime    Last Run
-------------------------------  -----  ---------  --------  ----------  --------------  -------------------
/opt/airflow/dags/team_stats.py                           1           0  0.69s           2024-03-23T01:21:59
================================================================================
[2024-03-23T01:22:48.684+0000] {manager.py:738} INFO - Searching for files in /opt/airflow/dags
[2024-03-23T01:22:48.693+0000] {manager.py:741} INFO - There are 1 files in /opt/airflow/dags
[2024-03-23T01:22:58.814+0000] {manager.py:879} INFO - 
================================================================================
DAG File Processing Stats

File Path                        PID    Runtime      # DAGs    # Errors  Last Runtime    Last Run
-------------------------------  -----  ---------  --------  ----------  --------------  -------------------
/opt/airflow/dags/team_stats.py                           1           0  0.79s           2024-03-23T01:22:35
================================================================================
[2024-03-23T01:23:29.229+0000] {manager.py:879} INFO - 
================================================================================
DAG File Processing Stats

File Path                        PID    Runtime      # DAGs    # Errors  Last Runtime    Last Run
-------------------------------  -----  ---------  --------  ----------  --------------  -------------------
/opt/airflow/dags/team_stats.py                           1           0  0.44s           2024-03-23T01:23:06
================================================================================
[2024-03-23T01:23:59.785+0000] {manager.py:879} INFO - 
================================================================================
DAG File Processing Stats

File Path                        PID    Runtime      # DAGs    # Errors  Last Runtime    Last Run
-------------------------------  -----  ---------  --------  ----------  --------------  -------------------
/opt/airflow/dags/team_stats.py                           1           0  0.61s           2024-03-23T01:23:49
================================================================================
[2024-03-23T01:24:30.140+0000] {manager.py:879} INFO - 
================================================================================
DAG File Processing Stats

File Path                        PID    Runtime      # DAGs    # Errors  Last Runtime    Last Run
-------------------------------  -----  ---------  --------  ----------  --------------  -------------------
/opt/airflow/dags/team_stats.py                           1           0  0.50s           2024-03-23T01:24:20
================================================================================
[2024-03-23T01:25:00.319+0000] {manager.py:879} INFO - 
================================================================================
DAG File Processing Stats

File Path                        PID    Runtime      # DAGs    # Errors  Last Runtime    Last Run
-------------------------------  -----  ---------  --------  ----------  --------------  -------------------
/opt/airflow/dags/team_stats.py                           1           0  0.46s           2024-03-23T01:24:37
================================================================================
[2024-03-23T01:25:31.138+0000] {manager.py:879} INFO - 
================================================================================
DAG File Processing Stats

File Path                        PID    Runtime      # DAGs    # Errors  Last Runtime    Last Run
-------------------------------  -----  ---------  --------  ----------  --------------  -------------------
/opt/airflow/dags/team_stats.py                           1           0  0.69s           2024-03-23T01:25:08
================================================================================
[2024-03-23T01:26:01.457+0000] {manager.py:879} INFO - 
================================================================================
DAG File Processing Stats

File Path                        PID    Runtime      # DAGs    # Errors  Last Runtime    Last Run
-------------------------------  -----  ---------  --------  ----------  --------------  -------------------
/opt/airflow/dags/team_stats.py                           1           0  0.48s           2024-03-23T01:25:38
================================================================================
[2024-03-23T01:26:32.202+0000] {manager.py:879} INFO - 
================================================================================
DAG File Processing Stats

File Path                        PID    Runtime      # DAGs    # Errors  Last Runtime    Last Run
-------------------------------  -----  ---------  --------  ----------  --------------  -------------------
/opt/airflow/dags/team_stats.py                           1           0  1.15s           2024-03-23T01:26:10
================================================================================
[2024-03-23T01:27:02.505+0000] {manager.py:879} INFO - 
================================================================================
DAG File Processing Stats

File Path                        PID    Runtime      # DAGs    # Errors  Last Runtime    Last Run
-------------------------------  -----  ---------  --------  ----------  --------------  -------------------
/opt/airflow/dags/team_stats.py                           1           0  0.52s           2024-03-23T01:26:40
================================================================================
[2024-03-23T01:27:32.667+0000] {manager.py:879} INFO - 
================================================================================
DAG File Processing Stats

File Path                        PID    Runtime      # DAGs    # Errors  Last Runtime    Last Run
-------------------------------  -----  ---------  --------  ----------  --------------  -------------------
/opt/airflow/dags/team_stats.py                           1           0  0.49s           2024-03-23T01:27:11
================================================================================
[2024-03-23T01:27:49.436+0000] {manager.py:738} INFO - Searching for files in /opt/airflow/dags
[2024-03-23T01:27:49.445+0000] {manager.py:741} INFO - There are 1 files in /opt/airflow/dags
[2024-03-23T01:28:03.585+0000] {manager.py:879} INFO - 
================================================================================
DAG File Processing Stats

File Path                        PID    Runtime      # DAGs    # Errors  Last Runtime    Last Run
-------------------------------  -----  ---------  --------  ----------  --------------  -------------------
/opt/airflow/dags/team_stats.py                           1           0  0.57s           2024-03-23T01:27:42
================================================================================
