[2024-03-23T01:18:42.927+0000] {taskinstance.py:1979} INFO - Dependencies all met for dep_context=non-requeueable deps ti=<TaskInstance: get_team_standings.create_postgres_table scheduled__2024-03-21T13:00:00+00:00 [queued]>
[2024-03-23T01:18:42.932+0000] {taskinstance.py:1979} INFO - Dependencies all met for dep_context=requeueable deps ti=<TaskInstance: get_team_standings.create_postgres_table scheduled__2024-03-21T13:00:00+00:00 [queued]>
[2024-03-23T01:18:42.933+0000] {taskinstance.py:2193} INFO - Starting attempt 4 of 5
[2024-03-23T01:18:42.939+0000] {taskinstance.py:2214} INFO - Executing <Task(PostgresOperator): create_postgres_table> on 2024-03-21 13:00:00+00:00
[2024-03-23T01:18:42.942+0000] {standard_task_runner.py:60} INFO - Started process 400 to run task
[2024-03-23T01:18:42.945+0000] {standard_task_runner.py:87} INFO - Running: ['***', 'tasks', 'run', 'get_team_standings', 'create_postgres_table', 'scheduled__2024-03-21T13:00:00+00:00', '--job-id', '11', '--raw', '--subdir', 'DAGS_FOLDER/team_stats.py', '--cfg-path', '/tmp/tmpqy00ffnl']
[2024-03-23T01:18:42.948+0000] {standard_task_runner.py:88} INFO - Job 11: Subtask create_postgres_table
[2024-03-23T01:18:42.983+0000] {task_command.py:423} INFO - Running <TaskInstance: get_team_standings.create_postgres_table scheduled__2024-03-21T13:00:00+00:00 [running]> on host e4a45e6f747a
[2024-03-23T01:18:43.042+0000] {taskinstance.py:2510} INFO - Exporting env vars: AIRFLOW_CTX_DAG_OWNER='jmc' AIRFLOW_CTX_DAG_ID='get_team_standings' AIRFLOW_CTX_TASK_ID='create_postgres_table' AIRFLOW_CTX_EXECUTION_DATE='2024-03-21T13:00:00+00:00' AIRFLOW_CTX_TRY_NUMBER='4' AIRFLOW_CTX_DAG_RUN_ID='scheduled__2024-03-21T13:00:00+00:00'
[2024-03-23T01:18:43.044+0000] {sql.py:276} INFO - Executing: 
            CREATE TABLE IF NOT EXISTS team_standings (
                teamname TEXT, conference TEXT, record TEXT, wins INTEGER,
                losses INTEGER, division TEXT, divisionrecord TEXT,
                divisionrank INTEGER, winpct FLOAT, l10 TEXT, ot TEXT,
                currentstreak INTEGER, pointspg FLOAT, opppointspg FLOAT,
                diffpointspg FLOAT
            );
        
[2024-03-23T01:18:43.055+0000] {base.py:83} INFO - Using connection ID 'postgres_localhost' for task execution.
[2024-03-23T01:18:43.062+0000] {base.py:83} INFO - Using connection ID 'postgres_localhost' for task execution.
[2024-03-23T01:18:43.075+0000] {sql.py:457} INFO - Running statement: 
            CREATE TABLE IF NOT EXISTS team_standings (
                teamname TEXT, conference TEXT, record TEXT, wins INTEGER,
                losses INTEGER, division TEXT, divisionrecord TEXT,
                divisionrank INTEGER, winpct FLOAT, l10 TEXT, ot TEXT,
                currentstreak INTEGER, pointspg FLOAT, opppointspg FLOAT,
                diffpointspg FLOAT
            );
        , parameters: None
[2024-03-23T01:18:43.086+0000] {logging_mixin.py:188} WARNING - /home/***/.local/lib/python3.8/site-packages/***/providers/common/sql/hooks/sql.py:407 AirflowProviderDeprecationWarning: Call to deprecated method _make_common_data_structure. (The `_make_serializable` method is deprecated and support will be removed in a future version of the common.sql provider. Please update the DbApiHook's provider to a version based on common.sql >= 1.9.1.)
[2024-03-23T01:18:43.104+0000] {taskinstance.py:1149} INFO - Marking task as SUCCESS. dag_id=get_team_standings, task_id=create_postgres_table, execution_date=20240321T130000, start_date=20240323T011842, end_date=20240323T011843
[2024-03-23T01:18:43.163+0000] {local_task_job_runner.py:234} INFO - Task exited with return code 0
[2024-03-23T01:18:43.178+0000] {logging_mixin.py:188} WARNING - /home/***/.local/lib/python3.8/site-packages/***/models/baseoperator.py:1201 AirflowProviderDeprecationWarning: Call to deprecated class PostgresOperator. (Please use `***.providers.common.sql.operators.sql.SQLExecuteQueryOperator`.Also, you can provide `hook_params={'schema': <database>}`.)
[2024-03-23T01:18:43.187+0000] {taskinstance.py:3309} INFO - 1 downstream tasks scheduled from follow-on schedule check
